24.06.2012 20:22:44 org.apache.catalina.core.AprLifecycleListener init
INFO: The APR based Apache Tomcat Native library which allows optimal performance in production environments was not found on the java.library.path: C:\Java\jdk1.6.0_05\bin;.;C:\WINDOWS\Sun\Java\bin;C:\WINDOWS\system32;C:\WINDOWS;C:\Programme\MsSDK\Bin;C:\Programme\SDKs\Win\v6.1\Bin;C:\xampp\perl\bin;C:\WINDOWS\system32;C:\WINDOWS\System32\Wbem;C:\Programme\ATI Technologies\ATI.ACE\Core-Static;C:\Programme\Microsoft Visual Studio\VC98\Bin;C:\Programme\CMake 2.8\bin;C:\Programme\TortoiseSVN\bin;C:\Programme\MsSDK\Bin\.;C:\Programme\MsSDK\Bin\WinNT\.;C:\WINDOWS\system32;C:\Java\jdk1.6.0_05\bin;C:\Programme\Microsoft Visual Studio\VC98\Bin;E:\svn-win32-1.6.6\bin;C:\Python27;C:\MinGW\bin;C:\Programme\Gemeinsame Dateien\Ahead\Lib\
24.06.2012 20:22:45 org.apache.coyote.AbstractProtocol init
INFO: Initializing ProtocolHandler ["http-bio-8080"]
24.06.2012 20:22:45 org.apache.coyote.AbstractProtocol init
INFO: Initializing ProtocolHandler ["ajp-bio-8009"]
24.06.2012 20:22:45 org.apache.catalina.startup.Catalina load
INFO: Initialization processed in 339 ms
24.06.2012 20:22:45 org.apache.catalina.core.StandardService startInternal
INFO: Starting service Catalina
24.06.2012 20:22:45 org.apache.catalina.core.StandardEngine startInternal
INFO: Starting Servlet Engine: Apache Tomcat/7.0.28
24.06.2012 20:22:45 org.apache.catalina.startup.HostConfig deployDirectory
INFO: Deploying web application directory F:\release180\release\xampp\tomcat\webapps\docs
24.06.2012 20:22:45 org.apache.catalina.startup.HostConfig deployDirectory
INFO: Deploying web application directory F:\release180\release\xampp\tomcat\webapps\examples
24.06.2012 20:22:45 org.apache.catalina.startup.HostConfig deployDirectory
INFO: Deploying web application directory F:\release180\release\xampp\tomcat\webapps\host-manager
24.06.2012 20:22:45 org.apache.catalina.startup.HostConfig deployDirectory
INFO: Deploying web application directory F:\release180\release\xampp\tomcat\webapps\manager
24.06.2012 20:22:45 org.apache.catalina.startup.HostConfig deployDirectory
INFO: Deploying web application directory F:\release180\release\xampp\tomcat\webapps\ROOT
24.06.2012 20:22:45 org.apache.coyote.AbstractProtocol start
INFO: Starting ProtocolHandler ["http-bio-8080"]
24.06.2012 20:22:45 org.apache.coyote.AbstractProtocol start
INFO: Starting ProtocolHandler ["ajp-bio-8009"]
24.06.2012 20:22:45 org.apache.catalina.startup.Catalina start
INFO: Server startup in 446 ms
24.06.2012 20:22:50 org.apache.catalina.core.StandardServer await
INFO: A valid shutdown command was received via the shutdown port. Stopping the Server instance.
24.06.2012 20:22:50 org.apache.coyote.AbstractProtocol pause
INFO: Pausing ProtocolHandler ["http-bio-8080"]
24.06.2012 20:22:51 org.apache.coyote.AbstractProtocol pause
INFO: Pausing ProtocolHandler ["ajp-bio-8009"]
24.06.2012 20:22:51 org.apache.catalina.core.StandardService stopInternal
INFO: Stopping service Catalina
24.06.2012 20:22:51 org.apache.coyote.AbstractProtocol stop
INFO: Stopping ProtocolHandler ["http-bio-8080"]
24.06.2012 20:22:51 org.apache.coyote.AbstractProtocol stop
INFO: Stopping ProtocolHandler ["ajp-bio-8009"]
24.06.2012 20:22:51 org.apache.coyote.AbstractProtocol destroy
INFO: Destroying ProtocolHandler ["http-bio-8080"]
24.06.2012 20:22:51 org.apache.coyote.AbstractProtocol destroy
INFO: Destroying ProtocolHandler ["ajp-bio-8009"]
